[7636:8072:1129/193334:INFO:AppRunner.cpp(619)] Begin run process geeplayer
[7636:8072:1129/193334:INFO:AppRunner.cpp(623)] ProductName is GeePlayer2
[7636:8072:1129/193334:INFO:AppRunner.cpp(662)] apppluginbase version is 4.3.4.77
[7636:8072:1129/193334:INFO:UIlib.cpp(192)] quilib: version is 4.3.4.75
[7636:8072:1129/193334:INFO:serviceManager.cpp(687)] mainprocessisrunning key is set as 1
[7636:8072:1129/193334:INFO:serviceManager.cpp(800)] create local service plugin PluginServerStatePlugin
[7636:8072:1129/193334:INFO:serviceManager.cpp(694)] service recordPluginServerStatePlugin is dirty old runPID:6576 , right pid:7636 , arrPeerInfo Size:0
[7636:8072:1129/193334:INFO:serviceManager.cpp(704)] service table: name:PluginServerStatePlugin runpid:6576 plugin:02C7EB18, 
[7636:8072:1129/193334:INFO:serviceManager.cpp(857)] plugin PluginServerStatePlugin DoPluginInit
[7636:8072:1129/193334:INFO:serviceManager.cpp(1523)] repository parse over
[7636:8072:1129/193335:INFO:UIManager.cpp(372)] quilib:call set resouce path, path is c:\program files (x86)\iqiyi video\geeplayer\2.3.28.2725\skin
[7636:8072:1129/193335:INFO:UIDlgBuilder.cpp(407)] quilib:create root control failed
[7636:8072:1129/193335:INFO:UIDlgBuilder.cpp(407)] quilib:create root control failed
[7636:8072:1129/193335:INFO:UIDlgBuilder.cpp(407)] quilib:create root control failed
[7636:8072:1129/193335:INFO:UIDlgBuilder.cpp(407)] quilib:create root control failed
[7636:8072:1129/193359:INFO:AppRunner.cpp(715)] loop exit geeplayer call main plugin DestoryPluginEntry
[7636:8072:1129/193359:INFO:IPlugin.cpp(117)] real plugin mainPlugin call DestroyPlugin
[7636:8072:1129/193359:INFO:IPlugin.cpp(374)] destruct plugin mainPlugin
[7636:8072:1129/193359:INFO:serviceManager.cpp(1608)] mainPlugin plugin had destroy by DestructPlugin
[7636:8072:1129/193359:INFO:serviceManager.cpp(2532)] DestructManager begin
[7636:8072:1129/193359:INFO:IPlugin.cpp(374)] destruct plugin PluginServerStatePlugin
[7636:8072:1129/193359:INFO:IPlugin.cpp(286)] real plugin PluginServerStatePlugin call DestroyPlugin
[7636:8072:1129/193359:INFO:serviceManager.cpp(1608)] PluginServerStatePlugin plugin had destroy by DestructPlugin
[7636:8072:1129/193359:INFO:serviceManager.cpp(2408)] DeleteLeftPlugins begin
[7636:8072:1129/193359:INFO:serviceManager.cpp(2470)] DeleteLeftPlugins end
[7636:8072:1129/193359:INFO:serviceManager.cpp(687)] mainprocessisrunning key is set as 0
[7636:8072:1129/193359:INFO:AppRunner.cpp(730)] close mutex of process geeplayer
[7636:8072:1129/193359:INFO:AppRunner.cpp(738)] run process geeplayer end
